nohup: ignoring input

  .   ____          _            __ _ _
 /\\ / ___'_ __ _ _(_)_ __  __ _ \ \ \ \
( ( )\___ | '_ | '_| | '_ \/ _` | \ \ \ \
 \\/  ___)| |_)| | | | | || (_| |  ) ) ) )
  '  |____| .__|_| |_|_| |_\__, | / / / /
 =========|_|==============|___/=/_/_/_/
 :: Spring Boot ::        (v2.2.6.RELEASE)

2021-05-19 09:15:04.444  INFO 16192 --- [           main] c.a.n.c.c.impl.LocalConfigInfoProcessor  : LOCAL_SNAPSHOT_PATH:C:\Users\16706\nacos\config
2021-05-19 09:15:04.517  INFO 16192 --- [           main] c.a.nacos.client.config.impl.Limiter     : limitTime:5.0
2021-05-19 09:15:05.483  INFO 16192 --- [           main] c.a.nacos.client.config.utils.JVMUtil    : isMultiInstance:false
2021-05-19 09:15:05.513  WARN 16192 --- [           main] c.a.c.n.c.NacosPropertySourceBuilder     : Ignore the empty nacos configuration and get it based on dataId[mftcc-gateway] & group[example]
2021-05-19 09:15:05.533  INFO 16192 --- [           main] b.c.PropertySourceBootstrapConfiguration : Located property source: [BootstrapPropertySource {name='bootstrapProperties-mftcc-gateway.yml,example'}, BootstrapPropertySource {name='bootstrapProperties-mftcc-gateway,example'}, BootstrapPropertySource {name='bootstrapProperties-mftcc.yml,example'}]
2021-05-19 09:15:05.593  INFO 16192 --- [           main] cn.mftcc.gateway.GatewayApplication      : No active profile set, falling back to default profiles: default
2021-05-19 09:15:06.244  WARN 16192 --- [           main] o.s.boot.actuate.endpoint.EndpointId     : Endpoint ID 'nacos-config' contains invalid characters, please migrate to a valid format.
2021-05-19 09:15:06.244  WARN 16192 --- [           main] o.s.boot.actuate.endpoint.EndpointId     : Endpoint ID 'nacos-discovery' contains invalid characters, please migrate to a valid format.
2021-05-19 09:15:06.374  INFO 16192 --- [           main] .s.d.r.c.RepositoryConfigurationDelegate : Multiple Spring Data modules found, entering strict repository configuration mode!
2021-05-19 09:15:06.374  INFO 16192 --- [           main] .s.d.r.c.RepositoryConfigurationDelegate : Bootstrapping Spring Data Redis repositories in DEFAULT mode.
2021-05-19 09:15:06.414  INFO 16192 --- [           main] .s.d.r.c.RepositoryConfigurationDelegate : Finished Spring Data repository scanning in 14ms. Found 0 Redis repository interfaces.
2021-05-19 09:15:06.514  WARN 16192 --- [           main] o.s.boot.actuate.endpoint.EndpointId     : Endpoint ID 'service-registry' contains invalid characters, please migrate to a valid format.
2021-05-19 09:15:06.784  INFO 16192 --- [           main] o.s.cloud.context.scope.GenericScope     : BeanFactory id=76229e54-4209-3259-a8dc-538c0d0865b3
2021-05-19 09:15:07.014  INFO 16192 --- [           main] trationDelegate$BeanPostProcessorChecker : Bean 'org.springframework.cloud.client.loadbalancer.reactive.LoadBalancerBeanPostProcessorAutoConfiguration' of type [org.springframework.cloud.client.loadbalancer.reactive.LoadBalancerBeanPostProcessorAutoConfiguration] is not eligible for getting processed by all BeanPostProcessors (for example: not eligible for auto-proxying)
2021-05-19 09:15:07.014  INFO 16192 --- [           main] trationDelegate$BeanPostProcessorChecker : Bean 'org.springframework.cloud.client.loadbalancer.reactive.LoadBalancerBeanPostProcessorAutoConfiguration$ReactiveLoadBalancerConfig' of type [org.springframework.cloud.client.loadbalancer.reactive.LoadBalancerBeanPostProcessorAutoConfiguration$ReactiveLoadBalancerConfig] is not eligible for getting processed by all BeanPostProcessors (for example: not eligible for auto-proxying)
2021-05-19 09:15:07.024  INFO 16192 --- [           main] trationDelegate$BeanPostProcessorChecker : Bean 'deferringLoadBalancerExchangeFilterFunction' of type [org.springframework.cloud.client.loadbalancer.reactive.DeferringLoadBalancerExchangeFilterFunction] is not eligible for getting processed by all BeanPostProcessors (for example: not eligible for auto-proxying)
2021-05-19 09:15:10.086  WARN 16192 --- [           main] c.n.c.sources.URLConfigurationSource     : No URLs will be polled as dynamic configuration sources.
2021-05-19 09:15:10.086  INFO 16192 --- [           main] c.n.c.sources.URLConfigurationSource     : To enable URLs as dynamic configuration sources, define System property archaius.configurationSource.additionalUrls or make config.properties available on classpath.
2021-05-19 09:15:10.096  WARN 16192 --- [           main] c.n.c.sources.URLConfigurationSource     : No URLs will be polled as dynamic configuration sources.
2021-05-19 09:15:10.096  INFO 16192 --- [           main] c.n.c.sources.URLConfigurationSource     : To enable URLs as dynamic configuration sources, define System property archaius.configurationSource.additionalUrls or make config.properties available on classpath.
2021-05-19 09:15:15.801  INFO 16192 --- [           main] o.s.c.g.r.RouteDefinitionRouteLocator    : Loaded RoutePredicateFactory [After]
2021-05-19 09:15:15.801  INFO 16192 --- [           main] o.s.c.g.r.RouteDefinitionRouteLocator    : Loaded RoutePredicateFactory [Before]
2021-05-19 09:15:15.801  INFO 16192 --- [           main] o.s.c.g.r.RouteDefinitionRouteLocator    : Loaded RoutePredicateFactory [Between]
2021-05-19 09:15:15.801  INFO 16192 --- [           main] o.s.c.g.r.RouteDefinitionRouteLocator    : Loaded RoutePredicateFactory [Cookie]
2021-05-19 09:15:15.801  INFO 16192 --- [           main] o.s.c.g.r.RouteDefinitionRouteLocator    : Loaded RoutePredicateFactory [Header]
2021-05-19 09:15:15.801  INFO 16192 --- [           main] o.s.c.g.r.RouteDefinitionRouteLocator    : Loaded RoutePredicateFactory [Host]
2021-05-19 09:15:15.801  INFO 16192 --- [           main] o.s.c.g.r.RouteDefinitionRouteLocator    : Loaded RoutePredicateFactory [Method]
2021-05-19 09:15:15.801  INFO 16192 --- [           main] o.s.c.g.r.RouteDefinitionRouteLocator    : Loaded RoutePredicateFactory [Path]
2021-05-19 09:15:15.801  INFO 16192 --- [           main] o.s.c.g.r.RouteDefinitionRouteLocator    : Loaded RoutePredicateFactory [Query]
2021-05-19 09:15:15.801  INFO 16192 --- [           main] o.s.c.g.r.RouteDefinitionRouteLocator    : Loaded RoutePredicateFactory [ReadBodyPredicateFactory]
2021-05-19 09:15:15.801  INFO 16192 --- [           main] o.s.c.g.r.RouteDefinitionRouteLocator    : Loaded RoutePredicateFactory [RemoteAddr]
2021-05-19 09:15:15.801  INFO 16192 --- [           main] o.s.c.g.r.RouteDefinitionRouteLocator    : Loaded RoutePredicateFactory [Weight]
2021-05-19 09:15:15.801  INFO 16192 --- [           main] o.s.c.g.r.RouteDefinitionRouteLocator    : Loaded RoutePredicateFactory [CloudFoundryRouteService]
2021-05-19 09:15:16.127  INFO 16192 --- [           main] o.s.b.a.e.web.EndpointLinksResolver      : Exposing 20 endpoint(s) beneath base path '/actuator'
2021-05-19 09:15:16.274  INFO 16192 --- [           main] o.s.s.c.ThreadPoolTaskScheduler          : Initializing ExecutorService 'Nacso-Watch-Task-Scheduler'
2021-05-19 09:15:18.908  INFO 16192 --- [           main] o.s.b.web.embedded.netty.NettyWebServer  : Netty started on port(s): 7019
2021-05-19 09:15:21.374  INFO 16192 --- [           main] c.a.c.n.registry.NacosServiceRegistry    : nacos registry, example mftcc-gateway 192.168.55.125:7019 register finished
2021-05-19 09:15:21.384  INFO 16192 --- [           main] cn.mftcc.gateway.GatewayApplication      : Started GatewayApplication in 20.922 seconds (JVM running for 21.92)
LOGBACK: No context given for c.q.l.core.rolling.SizeAndTimeBasedRollingPolicy@718231523
LOGBACK: No context given for c.q.l.core.rolling.SizeAndTimeBasedRollingPolicy@2048425748

  .   ____          _            __ _ _
 /\\ / ___'_ __ _ _(_)_ __  __ _ \ \ \ \
( ( )\___ | '_ | '_| | '_ \/ _` | \ \ \ \
 \\/  ___)| |_)| | | | | || (_| |  ) ) ) )
  '  |____| .__|_| |_|_| |_\__, | / / / /
 =========|_|==============|___/=/_/_/_/
 :: Spring Boot ::        (v2.2.6.RELEASE)

2022-07-05 16:50:06.346  INFO 52153 --- [           main] c.a.n.c.c.impl.LocalConfigInfoProcessor  : LOCAL_SNAPSHOT_PATH:/Users/albert/nacos/config
2022-07-05 16:50:06.377  INFO 52153 --- [           main] c.a.nacos.client.config.impl.Limiter     : limitTime:5.0
2022-07-05 16:50:06.399  INFO 52153 --- [           main] c.a.nacos.client.config.utils.JVMUtil    : isMultiInstance:false
2022-07-05 16:50:06.409  WARN 52153 --- [           main] c.a.c.n.c.NacosPropertySourceBuilder     : Ignore the empty nacos configuration and get it based on dataId[mftcc-gateway] & group[example]
2022-07-05 16:50:06.412  INFO 52153 --- [           main] b.c.PropertySourceBootstrapConfiguration : Located property source: [BootstrapPropertySource {name='bootstrapProperties-mftcc-gateway.yml,example'}, BootstrapPropertySource {name='bootstrapProperties-mftcc-gateway,example'}, BootstrapPropertySource {name='bootstrapProperties-mftcc.yml,example'}]
LOGBACK: No context given for c.q.l.core.rolling.SizeAndTimeBasedRollingPolicy@1032000752
2022-07-05 16:50:06.444  INFO 52153 --- [           main] cn.mftcc.gateway.GatewayApplication      : No active profile set, falling back to default profiles: default
2022-07-05 16:50:06.917  WARN 52153 --- [           main] o.s.boot.actuate.endpoint.EndpointId     : Endpoint ID 'nacos-config' contains invalid characters, please migrate to a valid format.
2022-07-05 16:50:06.919  WARN 52153 --- [           main] o.s.boot.actuate.endpoint.EndpointId     : Endpoint ID 'nacos-discovery' contains invalid characters, please migrate to a valid format.
2022-07-05 16:50:06.997  INFO 52153 --- [           main] .s.d.r.c.RepositoryConfigurationDelegate : Multiple Spring Data modules found, entering strict repository configuration mode!
2022-07-05 16:50:06.999  INFO 52153 --- [           main] .s.d.r.c.RepositoryConfigurationDelegate : Bootstrapping Spring Data Redis repositories in DEFAULT mode.
2022-07-05 16:50:07.019  INFO 52153 --- [           main] .s.d.r.c.RepositoryConfigurationDelegate : Finished Spring Data repository scanning in 8ms. Found 0 Redis repository interfaces.
2022-07-05 16:50:07.054  WARN 52153 --- [           main] o.s.boot.actuate.endpoint.EndpointId     : Endpoint ID 'service-registry' contains invalid characters, please migrate to a valid format.
2022-07-05 16:50:07.151  INFO 52153 --- [           main] o.s.cloud.context.scope.GenericScope     : BeanFactory id=3a9815ca-cf6a-3f8a-9a29-c8f68599bfc0
2022-07-05 16:50:07.254  INFO 52153 --- [           main] trationDelegate$BeanPostProcessorChecker : Bean 'org.springframework.cloud.client.loadbalancer.reactive.LoadBalancerBeanPostProcessorAutoConfiguration' of type [org.springframework.cloud.client.loadbalancer.reactive.LoadBalancerBeanPostProcessorAutoConfiguration] is not eligible for getting processed by all BeanPostProcessors (for example: not eligible for auto-proxying)
2022-07-05 16:50:07.255  INFO 52153 --- [           main] trationDelegate$BeanPostProcessorChecker : Bean 'org.springframework.cloud.client.loadbalancer.reactive.LoadBalancerBeanPostProcessorAutoConfiguration$ReactiveLoadBalancerConfig' of type [org.springframework.cloud.client.loadbalancer.reactive.LoadBalancerBeanPostProcessorAutoConfiguration$ReactiveLoadBalancerConfig] is not eligible for getting processed by all BeanPostProcessors (for example: not eligible for auto-proxying)
2022-07-05 16:50:07.255  INFO 52153 --- [           main] trationDelegate$BeanPostProcessorChecker : Bean 'deferringLoadBalancerExchangeFilterFunction' of type [org.springframework.cloud.client.loadbalancer.reactive.DeferringLoadBalancerExchangeFilterFunction] is not eligible for getting processed by all BeanPostProcessors (for example: not eligible for auto-proxying)
2022-07-05 16:50:07.499  WARN 52153 --- [           main] c.n.c.sources.URLConfigurationSource     : No URLs will be polled as dynamic configuration sources.
2022-07-05 16:50:07.500  INFO 52153 --- [           main] c.n.c.sources.URLConfigurationSource     : To enable URLs as dynamic configuration sources, define System property archaius.configurationSource.additionalUrls or make config.properties available on classpath.
2022-07-05 16:50:07.504  WARN 52153 --- [           main] c.n.c.sources.URLConfigurationSource     : No URLs will be polled as dynamic configuration sources.
2022-07-05 16:50:07.504  INFO 52153 --- [           main] c.n.c.sources.URLConfigurationSource     : To enable URLs as dynamic configuration sources, define System property archaius.configurationSource.additionalUrls or make config.properties available on classpath.
2022-07-05 16:50:08.242  INFO 52153 --- [           main] o.s.c.g.r.RouteDefinitionRouteLocator    : Loaded RoutePredicateFactory [After]
2022-07-05 16:50:08.242  INFO 52153 --- [           main] o.s.c.g.r.RouteDefinitionRouteLocator    : Loaded RoutePredicateFactory [Before]
2022-07-05 16:50:08.242  INFO 52153 --- [           main] o.s.c.g.r.RouteDefinitionRouteLocator    : Loaded RoutePredicateFactory [Between]
2022-07-05 16:50:08.242  INFO 52153 --- [           main] o.s.c.g.r.RouteDefinitionRouteLocator    : Loaded RoutePredicateFactory [Cookie]
2022-07-05 16:50:08.242  INFO 52153 --- [           main] o.s.c.g.r.RouteDefinitionRouteLocator    : Loaded RoutePredicateFactory [Header]
2022-07-05 16:50:08.242  INFO 52153 --- [           main] o.s.c.g.r.RouteDefinitionRouteLocator    : Loaded RoutePredicateFactory [Host]
2022-07-05 16:50:08.242  INFO 52153 --- [           main] o.s.c.g.r.RouteDefinitionRouteLocator    : Loaded RoutePredicateFactory [Method]
2022-07-05 16:50:08.242  INFO 52153 --- [           main] o.s.c.g.r.RouteDefinitionRouteLocator    : Loaded RoutePredicateFactory [Path]
2022-07-05 16:50:08.242  INFO 52153 --- [           main] o.s.c.g.r.RouteDefinitionRouteLocator    : Loaded RoutePredicateFactory [Query]
2022-07-05 16:50:08.242  INFO 52153 --- [           main] o.s.c.g.r.RouteDefinitionRouteLocator    : Loaded RoutePredicateFactory [ReadBodyPredicateFactory]
2022-07-05 16:50:08.242  INFO 52153 --- [           main] o.s.c.g.r.RouteDefinitionRouteLocator    : Loaded RoutePredicateFactory [RemoteAddr]
2022-07-05 16:50:08.242  INFO 52153 --- [           main] o.s.c.g.r.RouteDefinitionRouteLocator    : Loaded RoutePredicateFactory [Weight]
2022-07-05 16:50:08.242  INFO 52153 --- [           main] o.s.c.g.r.RouteDefinitionRouteLocator    : Loaded RoutePredicateFactory [CloudFoundryRouteService]
2022-07-05 16:50:08.386  INFO 52153 --- [           main] o.s.b.a.e.web.EndpointLinksResolver      : Exposing 21 endpoint(s) beneath base path '/actuator'
2022-07-05 16:50:08.449  INFO 52153 --- [           main] o.s.s.c.ThreadPoolTaskScheduler          : Initializing ExecutorService 'Nacso-Watch-Task-Scheduler'
2022-07-05 16:50:08.668  INFO 52153 --- [           main] o.s.b.web.embedded.netty.NettyWebServer  : Netty started on port(s): 7019
2022-07-05 16:50:08.690  INFO 52153 --- [           main] c.a.c.n.registry.NacosServiceRegistry    : nacos registry, example mftcc-gateway 192.168.2.14:7019 register finished
2022-07-05 16:50:08.693  INFO 52153 --- [           main] cn.mftcc.gateway.GatewayApplication      : Started GatewayApplication in 3.064 seconds (JVM running for 3.349)
2022-07-05 16:50:22.262  INFO 52153 --- [ctor-http-nio-2] c.netflix.config.ChainedDynamicProperty  : Flipping property: mftcc-sys-server.ribbon.ActiveConnectionsLimit to use NEXT property: niws.loadbalancer.availabilityFilteringRule.activeConnectionsLimit = 2147483647
2022-07-05 16:50:22.272  INFO 52153 --- [ctor-http-nio-2] c.netflix.loadbalancer.BaseLoadBalancer  : Client: mftcc-sys-server instantiated a LoadBalancer: DynamicServerListLoadBalancer:{NFLoadBalancer:name=mftcc-sys-server,current list of Servers=[],Load balancer stats=Zone stats: {},Server stats: []}ServerList:null
2022-07-05 16:50:22.276  INFO 52153 --- [ctor-http-nio-2] c.n.l.DynamicServerListLoadBalancer      : Using serverListUpdater PollingServerListUpdater
2022-07-05 16:50:22.284  INFO 52153 --- [ctor-http-nio-2] c.netflix.config.ChainedDynamicProperty  : Flipping property: mftcc-sys-server.ribbon.ActiveConnectionsLimit to use NEXT property: niws.loadbalancer.availabilityFilteringRule.activeConnectionsLimit = 2147483647
2022-07-05 16:50:22.285  INFO 52153 --- [ctor-http-nio-2] c.n.l.DynamicServerListLoadBalancer      : DynamicServerListLoadBalancer for client mftcc-sys-server initialized: DynamicServerListLoadBalancer:{NFLoadBalancer:name=mftcc-sys-server,current list of Servers=[192.168.2.14:8071],Load balancer stats=Zone stats: {unknown=[Zone:unknown;	Instance count:1;	Active connections count: 0;	Circuit breaker tripped count: 0;	Active connections per server: 0.0;]
},Server stats: [[Server:192.168.2.14:8071;	Zone:UNKNOWN;	Total Requests:0;	Successive connection failure:0;	Total blackout seconds:0;	Last connection made:Thu Jan 01 08:00:00 CST 1970;	First connection made: Thu Jan 01 08:00:00 CST 1970;	Active Connections:0;	total failure count in last (1000) msecs:0;	average resp time:0.0;	90 percentile resp time:0.0;	95 percentile resp time:0.0;	min resp time:0.0;	max resp time:0.0;	stddev resp time:0.0]
]}ServerList:com.alibaba.cloud.nacos.ribbon.NacosServerList@7fa7731d
2022-07-05 16:50:23.282  INFO 52153 --- [erListUpdater-0] c.netflix.config.ChainedDynamicProperty  : Flipping property: mftcc-sys-server.ribbon.ActiveConnectionsLimit to use NEXT property: niws.loadbalancer.availabilityFilteringRule.activeConnectionsLimit = 2147483647
2022-07-05 17:05:32.469  INFO 52153 --- [ctor-http-nio-3] c.netflix.config.ChainedDynamicProperty  : Flipping property: mftcc-example-server.ribbon.ActiveConnectionsLimit to use NEXT property: niws.loadbalancer.availabilityFilteringRule.activeConnectionsLimit = 2147483647
2022-07-05 17:05:32.470  INFO 52153 --- [ctor-http-nio-3] c.netflix.loadbalancer.BaseLoadBalancer  : Client: mftcc-example-server instantiated a LoadBalancer: DynamicServerListLoadBalancer:{NFLoadBalancer:name=mftcc-example-server,current list of Servers=[],Load balancer stats=Zone stats: {},Server stats: []}ServerList:null
2022-07-05 17:05:32.488  INFO 52153 --- [ctor-http-nio-3] c.n.l.DynamicServerListLoadBalancer      : Using serverListUpdater PollingServerListUpdater
2022-07-05 17:05:32.489  INFO 52153 --- [ctor-http-nio-3] c.netflix.config.ChainedDynamicProperty  : Flipping property: mftcc-example-server.ribbon.ActiveConnectionsLimit to use NEXT property: niws.loadbalancer.availabilityFilteringRule.activeConnectionsLimit = 2147483647
2022-07-05 17:05:32.489  INFO 52153 --- [ctor-http-nio-3] c.n.l.DynamicServerListLoadBalancer      : DynamicServerListLoadBalancer for client mftcc-example-server initialized: DynamicServerListLoadBalancer:{NFLoadBalancer:name=mftcc-example-server,current list of Servers=[192.168.2.14:8060],Load balancer stats=Zone stats: {unknown=[Zone:unknown;	Instance count:1;	Active connections count: 0;	Circuit breaker tripped count: 0;	Active connections per server: 0.0;]
},Server stats: [[Server:192.168.2.14:8060;	Zone:UNKNOWN;	Total Requests:0;	Successive connection failure:0;	Total blackout seconds:0;	Last connection made:Thu Jan 01 08:00:00 CST 1970;	First connection made: Thu Jan 01 08:00:00 CST 1970;	Active Connections:0;	total failure count in last (1000) msecs:0;	average resp time:0.0;	90 percentile resp time:0.0;	95 percentile resp time:0.0;	min resp time:0.0;	max resp time:0.0;	stddev resp time:0.0]
]}ServerList:com.alibaba.cloud.nacos.ribbon.NacosServerList@3e93f2e5
2022-07-05 17:05:33.493  INFO 52153 --- [erListUpdater-0] c.netflix.config.ChainedDynamicProperty  : Flipping property: mftcc-example-server.ribbon.ActiveConnectionsLimit to use NEXT property: niws.loadbalancer.availabilityFilteringRule.activeConnectionsLimit = 2147483647
2022-07-05 17:21:26.897  WARN 52153 --- [4b-bbb5808727d5] c.a.c.n.c.NacosPropertySourceBuilder     : Ignore the empty nacos configuration and get it based on dataId[mftcc-gateway] & group[example]
2022-07-05 17:21:26.906  INFO 52153 --- [4b-bbb5808727d5] b.c.PropertySourceBootstrapConfiguration : Located property source: [BootstrapPropertySource {name='bootstrapProperties-mftcc-gateway.yml,example'}, BootstrapPropertySource {name='bootstrapProperties-mftcc-gateway,example'}, BootstrapPropertySource {name='bootstrapProperties-mftcc.yml,example'}]
LOGBACK: No context given for c.q.l.core.rolling.SizeAndTimeBasedRollingPolicy@2109210117
2022-07-05 17:21:26.913  INFO 52153 --- [4b-bbb5808727d5] o.s.boot.SpringApplication               : No active profile set, falling back to default profiles: default
2022-07-05 17:21:26.922  INFO 52153 --- [4b-bbb5808727d5] o.s.boot.SpringApplication               : Started application in 0.231 seconds (JVM running for 1881.577)
2022-07-05 17:21:26.991  INFO 52153 --- [4b-bbb5808727d5] o.s.c.e.event.RefreshEventListener       : Refresh keys changed: [spring.redis.password, spring.redis.host]
