2023-03-16 10:35:46,409 INFO notifyConnectTimeout:200

2023-03-16 10:35:46,414 INFO notifySocketTimeout:8000

2023-03-16 10:35:46,415 INFO isHealthCheck:true

2023-03-16 10:35:46,415 INFO maxHealthCheckFailCount:12

2023-03-16 10:35:46,415 INFO maxContent:10485760

2023-03-16 10:35:46,415 INFO spring.datasource.platform:mysql

2023-03-16 10:35:50,363 INFO ServerListService address-server port:8080

2023-03-16 10:35:50,363 INFO ADDRESS_SERVER_URL:http://jmenv.tbsite.net:8080/nacos/serverlist

2023-03-16 10:35:50,364 WARN [serverlist] updated to [192.168.255.1:8848]

2023-03-16 10:35:50,428 WARN DumpService start

2023-03-16 10:35:50,431 INFO start clear all config-info.

2023-03-16 10:35:50,439 WARN clear all config-info failed.

2023-03-16 10:35:50,450 INFO clear all config-info-tenant success.

2023-03-16 10:35:50,506 INFO [all-dump] 117 / 117

2023-03-16 10:35:50,506 INFO start clear all config-info-beta.

2023-03-16 10:35:50,507 WARN clear all config-info-beta failed.

2023-03-16 10:35:50,507 WARN clear all config-info-beta-tenant failed.

2023-03-16 10:35:50,515 INFO start clear all config-info-tag.

2023-03-16 10:35:50,515 WARN clear all config-info-tag failed.

2023-03-16 10:35:50,515 WARN clear all config-info-tag-tenant failed.

