#
# There is insufficient memory for the Java Runtime Environment to continue.
# Native memory allocation (malloc) failed to allocate 78576 bytes for Chunk::new
# Possible reasons:
#   The system is out of physical RAM or swap space
#   In 32 bit mode, the process size limit was hit
# Possible solutions:
#   Reduce memory load on the system
#   Increase physical memory or swap space
#   Check if swap backing store is full
#   Use 64 bit Java on a 64 bit OS
#   Decrease Java heap size (-Xmx/-Xms)
#   Decrease number of Java threads
#   Decrease Java thread stack sizes (-Xss)
#   Set larger code cache with -XX:ReservedCodeCacheSize=
# This output file may be truncated or incomplete.
#
#  Out of Memory Error (allocation.cpp:390), pid=1672, tid=0x00000000000026a0
#
# JRE version: Java(TM) SE Runtime Environment (8.0_144-b01) (build 1.8.0_144-b01)
# Java VM: Java HotSpot(TM) 64-Bit Server VM (25.144-b01 mixed mode windows-amd64 compressed oops)
# Failed to write core dump. Minidumps are not enabled by default on client versions of Windows
#

---------------  T H R E A D  ---------------

Current thread (0x000000001a298000):  JavaThread "C2 CompilerThread2" daemon [_thread_in_native, id=9888, stack(0x000000001ab60000,0x000000001ac60000)]

Stack: [0x000000001ab60000,0x000000001ac60000]
[error occurred during error reporting (printing stack bounds), id 0xc0000005]

Native frames: (J=compiled Java code, j=interpreted, Vv=VM code, C=native code)


Current CompileTask:
C2: 826444 7598       4       java.util.AbstractCollection::containsAll (38 bytes)


---------------  P R O C E S S  ---------------

Java Threads: ( => current thread )
  0x0000000020042000 JavaThread "Keep-Alive-Timer" daemon [_thread_blocked, id=22284, stack(0x0000000025060000,0x0000000025160000)]
  0x000000002003f000 JavaThread "PollingServerListUpdater-1" daemon [_thread_blocked, id=12704, stack(0x0000000029360000,0x0000000029460000)]
  0x000000002003a800 JavaThread "reactor-http-nio-8" daemon [_thread_in_native, id=18116, stack(0x0000000028250000,0x0000000028350000)]
  0x000000002003d800 JavaThread "reactor-http-nio-7" daemon [_thread_in_native, id=10516, stack(0x0000000028150000,0x0000000028250000)]
  0x000000002003e000 JavaThread "reactor-http-nio-6" daemon [_thread_in_native, id=8356, stack(0x0000000028050000,0x0000000028150000)]
  0x0000000020041000 JavaThread "reactor-http-nio-5" daemon [_thread_in_native, id=12668, stack(0x0000000027f50000,0x0000000028050000)]
  0x0000000020039800 JavaThread "reactor-http-nio-4" daemon [_thread_in_native, id=17200, stack(0x0000000027b70000,0x0000000027c70000)]
  0x0000000020040800 JavaThread "reactor-http-nio-3" daemon [_thread_in_native, id=17232, stack(0x0000000027a70000,0x0000000027b70000)]
  0x000000002003f800 JavaThread "DataPublisher" daemon [_thread_blocked, id=20752, stack(0x0000000027970000,0x0000000027a70000)]
  0x000000002003c800 JavaThread "PollingServerListUpdater-0" daemon [_thread_blocked, id=15744, stack(0x0000000027870000,0x0000000027970000)]
  0x000000001d0fe000 JavaThread "RibbonApacheHttpClientConfiguration.connectionManagerTimer" daemon [_thread_blocked, id=19060, stack(0x0000000027770000,0x0000000027870000)]
  0x000000001bd5e000 JavaThread "reactor-http-nio-2" daemon [_thread_in_native, id=10876, stack(0x0000000026460000,0x0000000026560000)]
  0x000000001bd5d000 JavaThread "boundedElastic-6" daemon [_thread_blocked, id=1844, stack(0x0000000026060000,0x0000000026160000)]
  0x000000001bd5b800 JavaThread "boundedElastic-5" daemon [_thread_blocked, id=19384, stack(0x0000000024e60000,0x0000000024f60000)]
  0x000000001bd5b000 JavaThread "com.alibaba.nacos.client.Worker.longPolling.fixed-127.0.0.1_8848-30a7f7f1-f414-4acc-8a4b-bbb5808727d5" daemon [_thread_blocked, id=9168, stack(0x0000000024d60000,0x0000000024e60000)]
  0x000000001bd53800 JavaThread "com.alibaba.nacos.client.Worker.longPolling.fixed-127.0.0.1_8848-30a7f7f1-f414-4acc-8a4b-bbb5808727d5" daemon [_thread_blocked, id=18036, stack(0x0000000001120000,0x0000000001220000)]
  0x000000001bd59800 JavaThread "com.alibaba.nacos.client.Worker.longPolling.fixed-127.0.0.1_8848-30a7f7f1-f414-4acc-8a4b-bbb5808727d5" daemon [_thread_blocked, id=20376, stack(0x0000000001220000,0x0000000001320000)]
  0x000000001bd58800 JavaThread "com.alibaba.nacos.client.Worker.longPolling.fixed-127.0.0.1_8848-30a7f7f1-f414-4acc-8a4b-bbb5808727d5" daemon [_thread_blocked, id=22468, stack(0x0000000001020000,0x0000000001120000)]
  0x000000001bd5a000 JavaThread "com.alibaba.nacos.client.Worker.longPolling.fixed-127.0.0.1_8848-30a7f7f1-f414-4acc-8a4b-bbb5808727d5" daemon [_thread_blocked, id=12680, stack(0x0000000026360000,0x0000000026460000)]
  0x000000001bd58000 JavaThread "com.alibaba.nacos.client.naming.updater" daemon [_thread_blocked, id=6152, stack(0x0000000026260000,0x0000000026360000)]
  0x000000001bd50800 JavaThread "com.alibaba.nacos.naming.beat.sender" daemon [_thread_blocked, id=5076, stack(0x0000000026160000,0x0000000026260000)]
  0x000000001bd57000 JavaThread "com.alibaba.nacos.client.naming.updater" daemon [_thread_blocked, id=10844, stack(0x0000000025f60000,0x0000000026060000)]
  0x000000001bd56800 JavaThread "com.alibaba.nacos.naming.beat.sender" daemon [_thread_blocked, id=11200, stack(0x0000000025e60000,0x0000000025f60000)]
  0x000000001bd52800 JavaThread "com.alibaba.nacos.naming.beat.sender" daemon [_thread_blocked, id=4528, stack(0x0000000025d60000,0x0000000025e60000)]
  0x000000001bd54000 JavaThread "com.alibaba.nacos.client.naming.updater" daemon [_thread_blocked, id=11932, stack(0x0000000025c60000,0x0000000025d60000)]
  0x000000001bd51000 JavaThread "com.alibaba.nacos.client.naming.updater" daemon [_thread_blocked, id=4128, stack(0x0000000025960000,0x0000000025a60000)]
  0x000000001bd4f800 JavaThread "com.alibaba.nacos.client.Worker.longPolling.fixed-127.0.0.1_8848-30a7f7f1-f414-4acc-8a4b-bbb5808727d5" daemon [_thread_blocked, id=7248, stack(0x0000000025860000,0x0000000025960000)]
  0x000000001bd55800 JavaThread "com.alibaba.nacos.client.Worker.longPolling.fixed-127.0.0.1_8848-30a7f7f1-f414-4acc-8a4b-bbb5808727d5" daemon [_thread_blocked, id=4804, stack(0x0000000025760000,0x0000000025860000)]
  0x000000001bd52000 JavaThread "DestroyJavaVM" [_thread_blocked, id=5824, stack(0x00000000030c0000,0x00000000031c0000)]
  0x000000001bd55000 JavaThread "com.alibaba.nacos.client.Worker.longPolling.fixed-127.0.0.1_8848-30a7f7f1-f414-4acc-8a4b-bbb5808727d5" daemon [_thread_in_native, id=13684, stack(0x0000000025660000,0x0000000025760000)]
  0x000000001d101800 JavaThread "com.alibaba.nacos.naming.beat.sender" daemon [_thread_blocked, id=14772, stack(0x0000000025560000,0x0000000025660000)]
  0x000000001d101000 JavaThread "server" [_thread_blocked, id=16052, stack(0x0000000025460000,0x0000000025560000)]
  0x000000001d100000 JavaThread "reactor-http-nio-1" daemon [_thread_in_native, id=14436, stack(0x0000000025360000,0x0000000025460000)]
  0x000000001d0ff800 JavaThread "boundedElastic-3" daemon [_thread_blocked, id=18880, stack(0x0000000024f60000,0x0000000025060000)]
  0x000000001d0fd000 JavaThread "boundedElastic-1" daemon [_thread_blocked, id=9760, stack(0x0000000023700000,0x0000000023800000)]
  0x000000001d0fb000 JavaThread "boundedElastic-evictor-2" daemon [_thread_blocked, id=5168, stack(0x0000000023600000,0x0000000023700000)]
  0x000000001d0fc800 JavaThread "Nacso-Watch-Task-Scheduler-1" [_thread_blocked, id=16648, stack(0x0000000020e10000,0x0000000020f10000)]
  0x000000001fc9b800 JavaThread "com.alibaba.nacos.naming.push.receiver" daemon [_thread_in_native, id=22316, stack(0x0000000023c90000,0x0000000023d90000)]
  0x000000001c2b9000 JavaThread "com.alibaba.nacos.naming.failover" daemon [_thread_blocked, id=8648, stack(0x0000000023b90000,0x0000000023c90000)]
  0x000000001d511800 JavaThread "com.alibaba.nacos.client.naming.updater" daemon [_thread_blocked, id=13420, stack(0x0000000023a90000,0x0000000023b90000)]
  0x000000001d103000 JavaThread "com.alibaba.nacos.client.naming.updater" daemon [_thread_blocked, id=15052, stack(0x0000000023990000,0x0000000023a90000)]
  0x000000001bcd1000 JavaThread "com.alibaba.nacos.naming.client.listener" daemon [_thread_blocked, id=9084, stack(0x00000000230e0000,0x00000000231e0000)]
  0x000000001b919000 JavaThread "lettuce-eventExecutorLoop-1-1" daemon [_thread_blocked, id=10496, stack(0x0000000020a10000,0x0000000020b10000)]
  0x000000001fd96800 JavaThread "spring.cloud.inetutils" daemon [_thread_blocked, id=19176, stack(0x000000001c7e0000,0x000000001c8e0000)]
  0x000000001f178000 JavaThread "com.alibaba.nacos.client.Worker.fixed-127.0.0.1_8848-30a7f7f1-f414-4acc-8a4b-bbb5808727d5" daemon [_thread_blocked, id=16036, stack(0x0000000020910000,0x0000000020a10000)]
  0x000000001edd4800 JavaThread "com.alibaba.nacos.client.config.security.updater" daemon [_thread_blocked, id=17600, stack(0x0000000020810000,0x0000000020910000)]
  0x000000001ef37800 JavaThread "Timer-0" daemon [_thread_blocked, id=22044, stack(0x000000001e4b0000,0x000000001e5b0000)]
  0x000000001a328000 JavaThread "Service Thread" daemon [_thread_blocked, id=20556, stack(0x000000001ad60000,0x000000001ae60000)]
  0x000000001a302000 JavaThread "C1 CompilerThread3" daemon [_thread_blocked, id=6248, stack(0x000000001ac60000,0x000000001ad60000)]
=>0x000000001a298000 JavaThread "C2 CompilerThread2" daemon [_thread_in_native, id=9888, stack(0x000000001ab60000,0x000000001ac60000)]
  0x000000001a297800 JavaThread "C2 CompilerThread1" daemon [_thread_blocked, id=7576, stack(0x000000001aa60000,0x000000001ab60000)]
  0x000000001a293000 JavaThread "C2 CompilerThread0" daemon [_thread_blocked, id=8920, stack(0x000000001a960000,0x000000001aa60000)]
  0x000000001a292000 JavaThread "Attach Listener" daemon [_thread_blocked, id=14040, stack(0x000000001a860000,0x000000001a960000)]
  0x000000001a2f3000 JavaThread "Signal Dispatcher" daemon [_thread_blocked, id=4568, stack(0x000000001a760000,0x000000001a860000)]
  0x000000001a280800 JavaThread "Finalizer" daemon [_thread_blocked, id=4480, stack(0x000000001a660000,0x000000001a760000)]
  0x000000001836d000 JavaThread "Reference Handler" daemon [_thread_blocked, id=8008, stack(0x000000001a160000,0x000000001a260000)]

Other Threads:
  0x000000001836a000 VMThread [stack: 0x000000001a060000,0x000000001a160000] [id=22488]
  0x000000001a32d800 WatcherThread [stack: 0x000000001ae60000,0x000000001af60000] [id=2696]

VM state:not at safepoint (normal execution)

VM Mutex/Monitor currently owned by a thread: None

Heap:
 PSYoungGen      total 917504K, used 181626K [0x00000000c0000000, 0x0000000100000000, 0x0000000100000000)
  eden space 786432K, 19% used [0x00000000c0000000,0x00000000c952eff8,0x00000000f0000000)
  from space 131072K, 22% used [0x00000000f0000000,0x00000000f1c2f8b0,0x00000000f8000000)
  to   space 131072K, 0% used [0x00000000f8000000,0x00000000f8000000,0x0000000100000000)
 ParOldGen       total 1048576K, used 176K [0x0000000080000000, 0x00000000c0000000, 0x00000000c0000000)
  object space 1048576K, 0% used [0x0000000080000000,0x000000008002c010,0x00000000c0000000)
 Metaspace       used 61471K, capacity 65056K, committed 65152K, reserved 1105920K
  class space    used 8118K, capacity 8761K, committed 8832K, reserved 1048576K

Card table byte_map: [0x0000000012770000,0x0000000012b80000] byte_map_base: 0x0000000012370000

Marking Bits: (ParMarkBitMap*) 0x0000000077c8d850
 Begin Bits: [0x0000000013580000, 0x0000000015580000)
 End Bits:   [0x0000000015580000, 0x0000000017580000)

Polling page: 0x0000000002c00000

CodeCache: size=245760Kb used=22207Kb max_used=22231Kb free=223552Kb
 bounds [0x00000000033b0000, 0x0000000004990000, 0x00000000123b0000]
 total_blobs=6785 nmethods=6209 adapters=487
 compilation: enabled

Compilation events (10 events):
Event: 825.830 Thread 0x000000001a302000 7609       1       org.springframework.cloud.gateway.support.ConfigurationService::access$100 (5 bytes)
Event: 825.830 Thread 0x000000001a302000 nmethod 7609 0x0000000004725290 code [0x00000000047253e0, 0x00000000047254d0]
Event: 825.831 Thread 0x000000001a302000 7610       1       org.springframework.cloud.gateway.support.AbstractConfigurable::getConfigClass (5 bytes)
Event: 825.831 Thread 0x000000001a302000 nmethod 7610 0x000000000488b3d0 code [0x000000000488b520, 0x000000000488b630]
Event: 825.832 Thread 0x000000001a302000 7611       1       org.springframework.cloud.gateway.support.ShortcutConfigurable::shortcutFieldPrefix (3 bytes)
Event: 825.832 Thread 0x000000001a302000 nmethod 7611 0x0000000003865c50 code [0x0000000003865da0, 0x0000000003865eb0]
Event: 825.832 Thread 0x000000001a302000 7612       1       org.springframework.cloud.gateway.support.ConfigurationService::access$200 (5 bytes)
Event: 825.832 Thread 0x000000001a302000 nmethod 7612 0x0000000003fe8c90 code [0x0000000003fe8de0, 0x0000000003fe8ed0]
Event: 825.832 Thread 0x000000001a302000 7613       1       org.springframework.cloud.gateway.support.ConfigurationService::access$300 (5 bytes)
Event: 825.832 Thread 0x000000001a302000 nmethod 7613 0x0000000003fe89d0 code [0x0000000003fe8b20, 0x0000000003fe8c10]

GC Heap History (6 events):
Event: 5.288 GC heap before
{Heap before GC invocations=1 (full 0):
 PSYoungGen      total 917504K, used 786432K [0x00000000c0000000, 0x0000000100000000, 0x0000000100000000)
  eden space 786432K, 100% used [0x00000000c0000000,0x00000000f0000000,0x00000000f0000000)
  from space 131072K, 0% used [0x00000000f8000000,0x00000000f8000000,0x0000000100000000)
  to   space 131072K, 0% used [0x00000000f0000000,0x00000000f0000000,0x00000000f8000000)
 ParOldGen       total 1048576K, used 0K [0x0000000080000000, 0x00000000c0000000, 0x00000000c0000000)
  object space 1048576K, 0% used [0x0000000080000000,0x0000000080000000,0x00000000c0000000)
 Metaspace       used 28207K, capacity 29282K, committed 29440K, reserved 1075200K
  class space    used 3591K, capacity 3819K, committed 3840K, reserved 1048576K
Event: 5.300 GC heap after
Heap after GC invocations=1 (full 0):
 PSYoungGen      total 917504K, used 10145K [0x00000000c0000000, 0x0000000100000000, 0x0000000100000000)
  eden space 786432K, 0% used [0x00000000c0000000,0x00000000c0000000,0x00000000f0000000)
  from space 131072K, 7% used [0x00000000f0000000,0x00000000f09e8670,0x00000000f8000000)
  to   space 131072K, 0% used [0x00000000f8000000,0x00000000f8000000,0x0000000100000000)
 ParOldGen       total 1048576K, used 104K [0x0000000080000000, 0x00000000c0000000, 0x00000000c0000000)
  object space 1048576K, 0% used [0x0000000080000000,0x000000008001a010,0x00000000c0000000)
 Metaspace       used 28207K, capacity 29282K, committed 29440K, reserved 1075200K
  class space    used 3591K, capacity 3819K, committed 3840K, reserved 1048576K
}
Event: 11.955 GC heap before
{Heap before GC invocations=2 (full 0):
 PSYoungGen      total 917504K, used 796577K [0x00000000c0000000, 0x0000000100000000, 0x0000000100000000)
  eden space 786432K, 100% used [0x00000000c0000000,0x00000000f0000000,0x00000000f0000000)
  from space 131072K, 7% used [0x00000000f0000000,0x00000000f09e8670,0x00000000f8000000)
  to   space 131072K, 0% used [0x00000000f8000000,0x00000000f8000000,0x0000000100000000)
 ParOldGen       total 1048576K, used 104K [0x0000000080000000, 0x00000000c0000000, 0x00000000c0000000)
  object space 1048576K, 0% used [0x0000000080000000,0x000000008001a010,0x00000000c0000000)
 Metaspace       used 42289K, capacity 44044K, committed 44416K, reserved 1087488K
  class space    used 5554K, capacity 5894K, committed 6016K, reserved 1048576K
Event: 11.975 GC heap after
Heap after GC invocations=2 (full 0):
 PSYoungGen      total 917504K, used 23609K [0x00000000c0000000, 0x0000000100000000, 0x0000000100000000)
  eden space 786432K, 0% used [0x00000000c0000000,0x00000000c0000000,0x00000000f0000000)
  from space 131072K, 18% used [0x00000000f8000000,0x00000000f970e7f0,0x0000000100000000)
  to   space 131072K, 0% used [0x00000000f0000000,0x00000000f0000000,0x00000000f8000000)
 ParOldGen       total 1048576K, used 136K [0x0000000080000000, 0x00000000c0000000, 0x00000000c0000000)
  object space 1048576K, 0% used [0x0000000080000000,0x0000000080022010,0x00000000c0000000)
 Metaspace       used 42289K, capacity 44044K, committed 44416K, reserved 1087488K
  class space    used 5554K, capacity 5894K, committed 6016K, reserved 1048576K
}
Event: 648.974 GC heap before
{Heap before GC invocations=3 (full 0):
 PSYoungGen      total 917504K, used 810041K [0x00000000c0000000, 0x0000000100000000, 0x0000000100000000)
  eden space 786432K, 100% used [0x00000000c0000000,0x00000000f0000000,0x00000000f0000000)
  from space 131072K, 18% used [0x00000000f8000000,0x00000000f970e7f0,0x0000000100000000)
  to   space 131072K, 0% used [0x00000000f0000000,0x00000000f0000000,0x00000000f8000000)
 ParOldGen       total 1048576K, used 136K [0x0000000080000000, 0x00000000c0000000, 0x00000000c0000000)
  object space 1048576K, 0% used [0x0000000080000000,0x0000000080022010,0x00000000c0000000)
 Metaspace       used 60135K, capacity 63494K, committed 63616K, reserved 1103872K
  class space    used 7948K, capacity 8548K, committed 8576K, reserved 1048576K
Event: 649.443 GC heap after
Heap after GC invocations=3 (full 0):
 PSYoungGen      total 917504K, used 28862K [0x00000000c0000000, 0x0000000100000000, 0x0000000100000000)
  eden space 786432K, 0% used [0x00000000c0000000,0x00000000c0000000,0x00000000f0000000)
  from space 131072K, 22% used [0x00000000f0000000,0x00000000f1c2f8b0,0x00000000f8000000)
  to   space 131072K, 0% used [0x00000000f8000000,0x00000000f8000000,0x0000000100000000)
 ParOldGen       total 1048576K, used 176K [0x0000000080000000, 0x00000000c0000000, 0x00000000c0000000)
  object space 1048576K, 0% used [0x0000000080000000,0x000000008002c010,0x00000000c0000000)
 Metaspace       used 60135K, capacity 63494K, committed 63616K, reserved 1103872K
  class space    used 7948K, capacity 8548K, committed 8576K, reserved 1048576K
}

Deoptimization events (10 events):
Event: 649.481 Thread 0x000000001a328000 Uncommon trap: reason=bimorphic action=maybe_recompile pc=0x000000000476d7c4 method=java.util.AbstractSet.equals(Ljava/lang/Object;)Z @ 28
Event: 649.481 Thread 0x000000001a328000 Uncommon trap: reason=bimorphic action=maybe_recompile pc=0x0000000003b00e4c method=java.util.AbstractCollection.containsAll(Ljava/util/Collection;)Z @ 25
Event: 649.483 Thread 0x000000001a328000 Uncommon trap: reason=class_check action=maybe_recompile pc=0x00000000045f937c method=java.util.concurrent.TimeUnit$1.convert(JLjava/util/concurrent/TimeUnit;)J @ 2
Event: 660.133 Thread 0x000000002003e000 Uncommon trap: reason=bimorphic action=maybe_recompile pc=0x0000000004159c54 method=java.util.HashMap.computeIfAbsent(Ljava/lang/Object;Ljava/util/function/Function;)Ljava/lang/Object; @ 263
Event: 660.133 Thread 0x000000002003e000 Uncommon trap: reason=bimorphic action=maybe_recompile pc=0x0000000004159c54 method=java.util.HashMap.computeIfAbsent(Ljava/lang/Object;Ljava/util/function/Function;)Ljava/lang/Object; @ 263
Event: 660.638 Thread 0x000000001bd5e000 Uncommon trap: reason=class_check action=maybe_recompile pc=0x0000000003941fdc method=java.util.HashMap.removeNode(ILjava/lang/Object;Ljava/lang/Object;ZZ)Ljava/util/HashMap$Node; @ 68
Event: 660.638 Thread 0x000000002003d800 Uncommon trap: reason=class_check action=maybe_recompile pc=0x0000000003941fdc method=java.util.HashMap.removeNode(ILjava/lang/Object;Ljava/lang/Object;ZZ)Ljava/util/HashMap$Node; @ 68
Event: 660.638 Thread 0x000000002003a800 Uncommon trap: reason=class_check action=maybe_recompile pc=0x0000000003941fdc method=java.util.HashMap.removeNode(ILjava/lang/Object;Ljava/lang/Object;ZZ)Ljava/util/HashMap$Node; @ 68
Event: 660.638 Thread 0x0000000020039800 Uncommon trap: reason=class_check action=maybe_recompile pc=0x0000000003941fdc method=java.util.HashMap.removeNode(ILjava/lang/Object;Ljava/lang/Object;ZZ)Ljava/util/HashMap$Node; @ 68
Event: 660.638 Thread 0x000000002003e000 Uncommon trap: reason=class_check action=maybe_recompile pc=0x0000000003941fdc method=java.util.HashMap.removeNode(ILjava/lang/Object;Ljava/lang/Object;ZZ)Ljava/util/HashMap$Node; @ 68

Internal exceptions (10 events):
Event: 783.734 Thread 0x000000001ef37800 Exception <a 'java/io/FileNotFoundException'> (0x00000000c3db21c8) thrown at [C:\re\workspace\8-2-build-windows-amd64-cygwin\jdk8u144\9417\hotspot\src\share\vm\prims\jni.cpp, line 709]
Event: 783.734 Thread 0x000000001ef37800 Exception <a 'java/io/FileNotFoundException'> (0x00000000c3db27a0) thrown at [C:\re\workspace\8-2-build-windows-amd64-cygwin\jdk8u144\9417\hotspot\src\share\vm\prims\jni.cpp, line 709]
Event: 793.746 Thread 0x000000001ef37800 Exception <a 'java/io/FileNotFoundException'> (0x00000000c3db2eb8) thrown at [C:\re\workspace\8-2-build-windows-amd64-cygwin\jdk8u144\9417\hotspot\src\share\vm\prims\jni.cpp, line 709]
Event: 793.746 Thread 0x000000001ef37800 Exception <a 'java/io/FileNotFoundException'> (0x00000000c3db3490) thrown at [C:\re\workspace\8-2-build-windows-amd64-cygwin\jdk8u144\9417\hotspot\src\share\vm\prims\jni.cpp, line 709]
Event: 803.755 Thread 0x000000001ef37800 Exception <a 'java/io/FileNotFoundException'> (0x00000000c3db3ba8) thrown at [C:\re\workspace\8-2-build-windows-amd64-cygwin\jdk8u144\9417\hotspot\src\share\vm\prims\jni.cpp, line 709]
Event: 803.756 Thread 0x000000001ef37800 Exception <a 'java/io/FileNotFoundException'> (0x00000000c3db4180) thrown at [C:\re\workspace\8-2-build-windows-amd64-cygwin\jdk8u144\9417\hotspot\src\share\vm\prims\jni.cpp, line 709]
Event: 813.769 Thread 0x000000001ef37800 Exception <a 'java/io/FileNotFoundException'> (0x00000000c3db4898) thrown at [C:\re\workspace\8-2-build-windows-amd64-cygwin\jdk8u144\9417\hotspot\src\share\vm\prims\jni.cpp, line 709]
Event: 813.770 Thread 0x000000001ef37800 Exception <a 'java/io/FileNotFoundException'> (0x00000000c3db4e70) thrown at [C:\re\workspace\8-2-build-windows-amd64-cygwin\jdk8u144\9417\hotspot\src\share\vm\prims\jni.cpp, line 709]
Event: 823.782 Thread 0x000000001ef37800 Exception <a 'java/io/FileNotFoundException'> (0x00000000c3db5588) thrown at [C:\re\workspace\8-2-build-windows-amd64-cygwin\jdk8u144\9417\hotspot\src\share\vm\prims\jni.cpp, line 709]
Event: 823.782 Thread 0x000000001ef37800 Exception <a 'java/io/FileNotFoundException'> (0x00000000c3db5b60) thrown at [C:\re\workspace\8-2-build-windows-amd64-cygwin\jdk8u144\9417\hotspot\src\share\vm\prims\jni.cpp, line 709]

Events (10 events):
Event: 825.821 Executing VM operation: RevokeBias
Event: 825.821 Executing VM operation: RevokeBias done
Event: 825.821 Executing VM operation: BulkRevokeBias
Event: 825.821 Executing VM operation: BulkRevokeBias done
Event: 825.823 Thread 0x000000001a302000 flushing nmethod 0x0000000003cb4410
Event: 825.825 Thread 0x000000001a302000 flushing nmethod 0x0000000003e76950
Event: 825.827 Thread 0x000000001a302000 flushing nmethod 0x0000000003fe8650
Event: 825.828 Thread 0x000000001a302000 flushing nmethod 0x00000000041f6290
Event: 825.829 Thread 0x000000001a302000 flushing nmethod 0x0000000004486550
Event: 825.831 Thread 0x000000001a302000 flushing nmethod 0x000000000488b2d0


Dynamic libraries:
0x00007ff6abd10000 - 0x00007ff6abd47000 	D:\JDK\bin\java.exe
0x00007ff9bfb50000 - 0x00007ff9bfd45000 	C:\Windows\SYSTEM32\ntdll.dll
0x00007ff9be480000 - 0x00007ff9be53e000 	C:\Windows\System32\KERNEL32.DLL
0x00007ff9bd260000 - 0x00007ff9bd528000 	C:\Windows\System32\KERNELBASE.dll
0x00007ff9bdef0000 - 0x00007ff9bdf9c000 	C:\Windows\System32\ADVAPI32.dll
0x00007ff9bf0f0000 - 0x00007ff9bf18e000 	C:\Windows\System32\msvcrt.dll
0x00007ff9bf4b0000 - 0x00007ff9bf54b000 	C:\Windows\System32\sechost.dll
0x00007ff9bddc0000 - 0x00007ff9bdeea000 	C:\Windows\System32\RPCRT4.dll
0x00007ff9bf190000 - 0x00007ff9bf331000 	C:\Windows\System32\USER32.dll
0x00007ff9bd890000 - 0x00007ff9bd8b2000 	C:\Windows\System32\win32u.dll
0x00007ff9bf550000 - 0x00007ff9bf57b000 	C:\Windows\System32\GDI32.dll
0x00007ff9bd530000 - 0x00007ff9bd63d000 	C:\Windows\System32\gdi32full.dll
0x00007ff9bd8c0000 - 0x00007ff9bd95d000 	C:\Windows\System32\msvcp_win.dll
0x00007ff9bda90000 - 0x00007ff9bdb90000 	C:\Windows\System32\ucrtbase.dll
0x00007ff9a8d40000 - 0x00007ff9a8fda000 	C:\Windows\WinSxS\amd64_microsoft.windows.common-controls_6595b64144ccf1df_6.0.19041.1110_none_60b5254171f9507e\COMCTL32.dll
0x00007ff9bfae0000 - 0x00007ff9bfb10000 	C:\Windows\System32\IMM32.DLL
0x0000000050990000 - 0x0000000050a62000 	D:\JDK\jre\bin\msvcr100.dll
0x0000000077470000 - 0x0000000077d0d000 	D:\JDK\jre\bin\server\jvm.dll
0x00007ff9be920000 - 0x00007ff9be928000 	C:\Windows\System32\PSAPI.DLL
0x00007ff9adfc0000 - 0x00007ff9adfc9000 	C:\Windows\SYSTEM32\WSOCK32.dll
0x00007ff9be930000 - 0x00007ff9be99b000 	C:\Windows\System32\WS2_32.dll
0x00007ff9bcde0000 - 0x00007ff9bcdea000 	C:\Windows\SYSTEM32\VERSION.dll
0x00007ff9b8220000 - 0x00007ff9b8247000 	C:\Windows\SYSTEM32\WINMM.dll
0x0000000050980000 - 0x000000005098f000 	D:\JDK\jre\bin\verify.dll
0x0000000050950000 - 0x0000000050979000 	D:\JDK\jre\bin\java.dll
0x0000000050930000 - 0x0000000050946000 	D:\JDK\jre\bin\zip.dll
0x00007ff9be9a0000 - 0x00007ff9bf0e4000 	C:\Windows\System32\SHELL32.dll
0x00007ff9baf30000 - 0x00007ff9bb6c4000 	C:\Windows\SYSTEM32\windows.storage.dll
0x00007ff9be5c0000 - 0x00007ff9be915000 	C:\Windows\System32\combase.dll
0x00007ff9bcc40000 - 0x00007ff9bcc6e000 	C:\Windows\SYSTEM32\Wldp.dll
0x00007ff9bf840000 - 0x00007ff9bf8ed000 	C:\Windows\System32\SHCORE.dll
0x00007ff9bf730000 - 0x00007ff9bf785000 	C:\Windows\System32\shlwapi.dll
0x00007ff9bd1a0000 - 0x00007ff9bd1bf000 	C:\Windows\SYSTEM32\profapi.dll
0x0000000050900000 - 0x000000005091a000 	D:\JDK\jre\bin\net.dll
0x00007ff9bc9a0000 - 0x00007ff9bca0a000 	C:\Windows\system32\mswsock.dll
0x00007ff9bc640000 - 0x00007ff9bc67b000 	C:\Windows\SYSTEM32\IPHLPAPI.DLL
0x00007ff9bddb0000 - 0x00007ff9bddb8000 	C:\Windows\System32\NSI.dll
0x00007ff9b4650000 - 0x00007ff9b4667000 	C:\Windows\SYSTEM32\dhcpcsvc6.DLL
0x00007ff9b4550000 - 0x00007ff9b456d000 	C:\Windows\SYSTEM32\dhcpcsvc.DLL
0x00007ff9bc690000 - 0x00007ff9bc75b000 	C:\Windows\SYSTEM32\DNSAPI.dll
0x00007ff9b44f0000 - 0x00007ff9b44fa000 	C:\Windows\System32\rasadhlp.dll
0x00007ff9ac1c0000 - 0x00007ff9ac23f000 	C:\Windows\System32\fwpuclnt.dll
0x00007ff9bda60000 - 0x00007ff9bda87000 	C:\Windows\System32\bcrypt.dll
0x0000000050920000 - 0x000000005092d000 	D:\JDK\jre\bin\management.dll
0x00007ff9b4e50000 - 0x00007ff9b4e67000 	C:\Windows\system32\napinsp.dll
0x00007ff9a6620000 - 0x00007ff9a663b000 	C:\Windows\system32\pnrpnsp.dll
0x00007ff9b7480000 - 0x00007ff9b7495000 	C:\Windows\system32\wshbth.dll
0x00007ff9b8200000 - 0x00007ff9b821d000 	C:\Windows\system32\NLAapi.dll
0x00007ff99ce70000 - 0x00007ff99ce82000 	C:\Windows\System32\winrnr.dll
0x00007ff9bcb90000 - 0x00007ff9bcba8000 	C:\Windows\SYSTEM32\CRYPTSP.dll
0x00007ff9bc2b0000 - 0x00007ff9bc2e4000 	C:\Windows\system32\rsaenh.dll
0x00007ff9bd120000 - 0x00007ff9bd14e000 	C:\Windows\SYSTEM32\USERENV.dll
0x00007ff9bd640000 - 0x00007ff9bd6c2000 	C:\Windows\System32\bcryptprimitives.dll
0x00007ff9bcbb0000 - 0x00007ff9bcbbc000 	C:\Windows\SYSTEM32\CRYPTBASE.dll
0x00000000508e0000 - 0x00000000508f1000 	D:\JDK\jre\bin\nio.dll
0x00000000508b0000 - 0x00000000508d4000 	D:\JDK\jre\bin\sunec.dll
0x00000000508a0000 - 0x00000000508ab000 	D:\JDK\jre\bin\sunmscapi.dll
0x00007ff9bd730000 - 0x00007ff9bd886000 	C:\Windows\System32\CRYPT32.dll

VM Arguments:
jvm_args: -Xms2g -Xmx2g -Xmn1g -XX:MetaspaceSize=128m -XX:MaxMetaspaceSize=320m -Dgateway.home=D:\jcxm\server\mftcc-gateway -Dfile.encoding=utf-8 
java_command: D:\jcxm\server\mftcc-gateway\target\mftcc-gateway.jar --spring.config.location=classpath:/,classpath:/config/,file:./,file:./config/,file:D:\jcxm\server\mftcc-gateway/conf/application.yml gateway.gateway
java_class_path (initial): D:\jcxm\server\mftcc-gateway\target\mftcc-gateway.jar
Launcher Type: SUN_STANDARD

Environment Variables:
JAVA_HOME=D:\JDK
PATH=D:\VM\bin\;C:\ProgramData\Oracle\Java\javapath;C:\Windows\system32;C:\Windows;C:\Windows\System32\Wbem;C:\Windows\System32\WindowsPowerShell\v1.0\;C:\Windows\System32\OpenSSH\;D:\maveny\apache-maven-3.5.3\bin;D:\JDK\bin;D:\JDK\jre\bin;D:\apache-maven-3.5.3\apache-maven-3.5.3\bin;D:\MySQL Server 5.5.48\bin;D:\Node\;C:\Users\hp\AppData\Local\Microsoft\WindowsApps;C:\Users\hp\AppData\Roaming\npm;D:\vs\Microsoft VS Code\bin
USERNAME=hp
OS=Windows_NT
PROCESSOR_IDENTIFIER=Intel64 Family 6 Model 158 Stepping 10, GenuineIntel



---------------  S Y S T E M  ---------------

OS: Windows 10.0 , 64 bit Build 19041 (10.0.19041.1348)

CPU:total 8 (initial active 8) (4 cores per cpu, 2 threads per core) family 6 model 158 stepping 10, cmov, cx8, fxsr, mmx, sse, sse2, sse3, ssse3, sse4.1, sse4.2, popcnt, avx, avx2, aes, clmul, erms, 3dnowpref, lzcnt, ht, tsc, tscinvbit, bmi1, bmi2, adx

Memory: 4k page, physical 8275188k(507660k free), swap 23817812k(3044k free)

vm_info: Java HotSpot(TM) 64-Bit Server VM (25.144-b01) for windows-amd64 JRE (1.8.0_144-b01), built on Jul 21 2017 21:57:33 by "java_re" with MS VC++ 10.0 (VS2010)

time: Wed Jan 26 14:10:21 2022
elapsed time: 826 seconds (0d 0h 13m 46s)

